2017-09-14 15:34:29.317  INFO 7384 --- [main] c.p.m.calculate.RibbonApplication        : No active profile set, falling back to default profiles: default
2017-09-14 15:34:29.331  INFO 7384 --- [main] ationConfigEmbeddedWebApplicationContext : Refreshing org.springframework.boot.context.embedded.AnnotationConfigEmbeddedWebApplicationContext@2609b277: startup date [Thu Sep 14 15:34:29 CST 2017]; parent: org.springframework.context.annotation.AnnotationConfigApplicationContext@4278a03f
2017-09-14 15:34:30.007  WARN 7384 --- [main] o.s.c.a.ConfigurationClassPostProcessor  : Cannot enhance @Configuration bean definition 'refreshScope' since its singleton instance has been created too early. The typical cause is a non-static @Bean method with a BeanDefinitionRegistryPostProcessor return type: Consider declaring such methods as 'static'.
2017-09-14 15:34:30.101  INFO 7384 --- [main] o.s.cloud.context.scope.GenericScope     : BeanFactory id=8e1102fb-7550-3a3b-ba04-31e7518e30dd
2017-09-14 15:34:30.118  INFO 7384 --- [main] f.a.AutowiredAnnotationBeanPostProcessor : JSR-330 'javax.inject.Inject' annotation found and supported for autowiring
2017-09-14 15:34:30.130  INFO 7384 --- [main] trationDelegate$BeanPostProcessorChecker : Bean 'org.springframework.cloud.autoconfigure.ConfigurationPropertiesRebinderAutoConfiguration' of type [class org.springframework.cloud.autoconfigure.ConfigurationPropertiesRebinderAutoConfiguration$$EnhancerBySpringCGLIB$$c9a07e8b] is not eligible for getting processed by all BeanPostProcessors (for example: not eligible for auto-proxying)
2017-09-14 15:34:30.454  INFO 7384 --- [main] s.b.c.e.t.TomcatEmbeddedServletContainer : Tomcat initialized with port(s): 3333 (http)
2017-09-14 15:34:30.466  INFO 7384 --- [main] o.apache.catalina.core.StandardService   : Starting service Tomcat
2017-09-14 15:34:30.471  INFO 7384 --- [main] org.apache.catalina.core.StandardEngine  : Starting Servlet Engine: Apache Tomcat/8.0.33
2017-09-14 15:34:30.625  INFO 7384 --- [localhost-startStop-1] o.a.c.c.C.[Tomcat].[localhost].[/]       : Initializing Spring embedded WebApplicationContext
2017-09-14 15:34:30.625  INFO 7384 --- [localhost-startStop-1] o.s.web.context.ContextLoader            : Root WebApplicationContext: initialization completed in 1294 ms
2017-09-14 15:34:30.943  INFO 7384 --- [localhost-startStop-1] o.s.b.c.e.ServletRegistrationBean        : Mapping servlet: 'dispatcherServlet' to [/]
2017-09-14 15:34:30.954  INFO 7384 --- [localhost-startStop-1] o.s.b.c.embedded.FilterRegistrationBean  : Mapping filter: 'characterEncodingFilter' to: [/*]
2017-09-14 15:34:30.955  INFO 7384 --- [localhost-startStop-1] o.s.b.c.embedded.FilterRegistrationBean  : Mapping filter: 'hiddenHttpMethodFilter' to: [/*]
2017-09-14 15:34:30.956  INFO 7384 --- [localhost-startStop-1] o.s.b.c.embedded.FilterRegistrationBean  : Mapping filter: 'httpPutFormContentFilter' to: [/*]
2017-09-14 15:34:30.956  INFO 7384 --- [localhost-startStop-1] o.s.b.c.embedded.FilterRegistrationBean  : Mapping filter: 'requestContextFilter' to: [/*]
2017-09-14 15:34:31.459  INFO 7384 --- [main] s.w.s.m.m.a.RequestMappingHandlerAdapter : Looking for @ControllerAdvice: org.springframework.boot.context.embedded.AnnotationConfigEmbeddedWebApplicationContext@2609b277: startup date [Thu Sep 14 15:34:29 CST 2017]; parent: org.springframework.context.annotation.AnnotationConfigApplicationContext@4278a03f
2017-09-14 15:34:31.525  INFO 7384 --- [main] s.w.s.m.m.a.RequestMappingHandlerMapping : Mapped "{[/add],methods=[GET]}" onto public java.lang.String com.pycredit.microservice.calculate.controller.ConsumerController.add()
2017-09-14 15:34:31.528  INFO 7384 --- [main] s.w.s.m.m.a.RequestMappingHandlerMapping : Mapped "{[/error]}" onto public org.springframework.http.ResponseEntity<java.util.Map<java.lang.String, java.lang.Object>> org.springframework.boot.autoconfigure.web.BasicErrorController.error(javax.servlet.http.HttpServletRequest)
2017-09-14 15:34:31.528  INFO 7384 --- [main] s.w.s.m.m.a.RequestMappingHandlerMapping : Mapped "{[/error],produces=[text/html]}" onto public org.springframework.web.servlet.ModelAndView org.springframework.boot.autoconfigure.web.BasicErrorController.errorHtml(javax.servlet.http.HttpServletRequest,javax.servlet.http.HttpServletResponse)
2017-09-14 15:34:31.555  INFO 7384 --- [main] o.s.w.s.handler.SimpleUrlHandlerMapping  : Mapped URL path [/webjars/**] onto handler of type [class org.springframework.web.servlet.resource.ResourceHttpRequestHandler]
2017-09-14 15:34:31.555  INFO 7384 --- [main] o.s.w.s.handler.SimpleUrlHandlerMapping  : Mapped URL path [/**] onto handler of type [class org.springframework.web.servlet.resource.ResourceHttpRequestHandler]
2017-09-14 15:34:31.585  INFO 7384 --- [main] o.s.w.s.handler.SimpleUrlHandlerMapping  : Mapped URL path [/**/favicon.ico] onto handler of type [class org.springframework.web.servlet.resource.ResourceHttpRequestHandler]
2017-09-14 15:34:31.787  WARN 7384 --- [main] c.n.c.sources.URLConfigurationSource     : No URLs will be polled as dynamic configuration sources.
2017-09-14 15:34:31.792  INFO 7384 --- [main] c.n.c.sources.URLConfigurationSource     : To enable URLs as dynamic configuration sources, define System property archaius.configurationSource.additionalUrls or make config.properties available on classpath.
2017-09-14 15:34:31.799  WARN 7384 --- [main] c.n.c.sources.URLConfigurationSource     : No URLs will be polled as dynamic configuration sources.
2017-09-14 15:34:31.799  INFO 7384 --- [main] c.n.c.sources.URLConfigurationSource     : To enable URLs as dynamic configuration sources, define System property archaius.configurationSource.additionalUrls or make config.properties available on classpath.
2017-09-14 15:34:31.854  INFO 7384 --- [main] o.s.j.e.a.AnnotationMBeanExporter        : Registering beans for JMX exposure on startup
2017-09-14 15:34:31.861  INFO 7384 --- [main] o.s.j.e.a.AnnotationMBeanExporter        : Bean with name 'refreshScope' has been autodetected for JMX exposure
2017-09-14 15:34:31.862  INFO 7384 --- [main] o.s.j.e.a.AnnotationMBeanExporter        : Bean with name 'environmentManager' has been autodetected for JMX exposure
2017-09-14 15:34:31.863  INFO 7384 --- [main] o.s.j.e.a.AnnotationMBeanExporter        : Bean with name 'configurationPropertiesRebinder' has been autodetected for JMX exposure
2017-09-14 15:34:31.866  INFO 7384 --- [main] o.s.j.e.a.AnnotationMBeanExporter        : Located managed bean 'environmentManager': registering with JMX server as MBean [org.springframework.cloud.context.environment:name=environmentManager,type=EnvironmentManager]
2017-09-14 15:34:31.882  INFO 7384 --- [main] o.s.j.e.a.AnnotationMBeanExporter        : Located managed bean 'refreshScope': registering with JMX server as MBean [org.springframework.cloud.context.scope.refresh:name=refreshScope,type=RefreshScope]
2017-09-14 15:34:31.893  INFO 7384 --- [main] o.s.j.e.a.AnnotationMBeanExporter        : Located managed bean 'configurationPropertiesRebinder': registering with JMX server as MBean [org.springframework.cloud.context.properties:name=configurationPropertiesRebinder,context=2609b277,type=ConfigurationPropertiesRebinder]
2017-09-14 15:34:32.012  INFO 7384 --- [main] o.s.c.support.DefaultLifecycleProcessor  : Starting beans in phase 0
2017-09-14 15:34:32.021  INFO 7384 --- [main] o.s.c.n.eureka.InstanceInfoFactory       : Setting initial instance status as: STARTING
2017-09-14 15:34:32.366  INFO 7384 --- [main] c.n.d.provider.DiscoveryJerseyProvider   : Using JSON encoding codec LegacyJacksonJson
2017-09-14 15:34:32.367  INFO 7384 --- [main] c.n.d.provider.DiscoveryJerseyProvider   : Using JSON decoding codec LegacyJacksonJson
2017-09-14 15:34:32.441  INFO 7384 --- [main] c.n.d.provider.DiscoveryJerseyProvider   : Using XML encoding codec XStreamXml
2017-09-14 15:34:32.441  INFO 7384 --- [main] c.n.d.provider.DiscoveryJerseyProvider   : Using XML decoding codec XStreamXml
2017-09-14 15:34:32.716  INFO 7384 --- [main] c.n.d.s.r.aws.ConfigClusterResolver      : Resolving eureka endpoints via configuration
2017-09-14 15:34:32.776  INFO 7384 --- [main] com.netflix.discovery.DiscoveryClient    : Disable delta property : false
2017-09-14 15:34:32.777  INFO 7384 --- [main] com.netflix.discovery.DiscoveryClient    : Single vip registry refresh property : null
2017-09-14 15:34:32.777  INFO 7384 --- [main] com.netflix.discovery.DiscoveryClient    : Force full registry fetch : false
2017-09-14 15:34:32.781  INFO 7384 --- [main] com.netflix.discovery.DiscoveryClient    : Application is null : false
2017-09-14 15:34:32.781  INFO 7384 --- [main] com.netflix.discovery.DiscoveryClient    : Registered Applications size is zero : true
2017-09-14 15:34:32.781  INFO 7384 --- [main] com.netflix.discovery.DiscoveryClient    : Application version is -1: true
2017-09-14 15:34:32.781  INFO 7384 --- [main] com.netflix.discovery.DiscoveryClient    : Getting all instance registry info from the eureka server
2017-09-14 15:34:32.966  INFO 7384 --- [main] com.netflix.discovery.DiscoveryClient    : The response status is 200
2017-09-14 15:34:32.968  INFO 7384 --- [main] com.netflix.discovery.DiscoveryClient    : Starting heartbeat executor: renew interval is: 30
2017-09-14 15:34:32.970  INFO 7384 --- [main] c.n.discovery.InstanceInfoReplicator     : InstanceInfoReplicator onDemand update allowed rate per min is 4
2017-09-14 15:34:32.996  INFO 7384 --- [main] c.n.e.EurekaDiscoveryClientConfiguration : Registering application ribbon-consumer with eureka with status UP
2017-09-14 15:34:32.997  INFO 7384 --- [main] com.netflix.discovery.DiscoveryClient    : Saw local status change event StatusChangeEvent [timestamp=1505374472997, current=UP, previous=STARTING]
2017-09-14 15:34:33.003  INFO 7384 --- [DiscoveryClient-InstanceInfoReplicator-0] com.netflix.discovery.DiscoveryClient    : DiscoveryClient_RIBBON-CONSUMER/10.0.72.186:ribbon-consumer:3333: registering service...
2017-09-14 15:34:33.057  INFO 7384 --- [DiscoveryClient-InstanceInfoReplicator-0] com.netflix.discovery.DiscoveryClient    : DiscoveryClient_RIBBON-CONSUMER/10.0.72.186:ribbon-consumer:3333 - registration status: 204
2017-09-14 15:34:33.089  INFO 7384 --- [main] s.b.c.e.t.TomcatEmbeddedServletContainer : Tomcat started on port(s): 3333 (http)
2017-09-14 15:34:33.090  INFO 7384 --- [main] c.n.e.EurekaDiscoveryClientConfiguration : Updating port to 3333
2017-09-14 15:34:33.093  INFO 7384 --- [main] c.p.m.calculate.RibbonApplication        : Started RibbonApplication in 5.051 seconds (JVM running for 5.523)
2017-09-14 15:34:45.356  INFO 7384 --- [http-nio-3333-exec-1] o.a.c.c.C.[Tomcat].[localhost].[/]       : Initializing Spring FrameworkServlet 'dispatcherServlet'
2017-09-14 15:34:45.368  INFO 7384 --- [http-nio-3333-exec-1] o.s.web.servlet.DispatcherServlet        : FrameworkServlet 'dispatcherServlet': initialization started
2017-09-14 15:34:45.385  INFO 7384 --- [http-nio-3333-exec-1] o.s.web.servlet.DispatcherServlet        : FrameworkServlet 'dispatcherServlet': initialization completed in 14 ms
2017-09-14 15:34:45.419  INFO 7384 --- [http-nio-3333-exec-1] s.c.a.AnnotationConfigApplicationContext : Refreshing org.springframework.context.annotation.AnnotationConfigApplicationContext@1ffc1946: startup date [Thu Sep 14 15:34:45 CST 2017]; parent: org.springframework.boot.context.embedded.AnnotationConfigEmbeddedWebApplicationContext@2609b277
2017-09-14 15:34:45.452  INFO 7384 --- [http-nio-3333-exec-1] f.a.AutowiredAnnotationBeanPostProcessor : JSR-330 'javax.inject.Inject' annotation found and supported for autowiring
2017-09-14 15:34:45.643  INFO 7384 --- [http-nio-3333-exec-1] c.netflix.config.ChainedDynamicProperty  : Flipping property: COMPUTE-SERVICE.ribbon.ActiveConnectionsLimit to use NEXT property: niws.loadbalancer.availabilityFilteringRule.activeConnectionsLimit = 2147483647
2017-09-14 15:34:45.664  INFO 7384 --- [http-nio-3333-exec-1] c.n.u.concurrent.ShutdownEnabledTimer    : Shutdown hook installed for: NFLoadBalancer-PingTimer-COMPUTE-SERVICE
2017-09-14 15:34:45.684  INFO 7384 --- [http-nio-3333-exec-1] c.netflix.loadbalancer.BaseLoadBalancer  : Client:COMPUTE-SERVICE instantiated a LoadBalancer:DynamicServerListLoadBalancer:{NFLoadBalancer:name=COMPUTE-SERVICE,current list of Servers=[],Load balancer stats=Zone stats: {},Server stats: []}ServerList:null
2017-09-14 15:34:45.704  INFO 7384 --- [http-nio-3333-exec-1] c.netflix.config.ChainedDynamicProperty  : Flipping property: COMPUTE-SERVICE.ribbon.ActiveConnectionsLimit to use NEXT property: niws.loadbalancer.availabilityFilteringRule.activeConnectionsLimit = 2147483647
2017-09-14 15:34:45.706  INFO 7384 --- [http-nio-3333-exec-1] c.n.l.DynamicServerListLoadBalancer      : DynamicServerListLoadBalancer for client COMPUTE-SERVICE initialized: DynamicServerListLoadBalancer:{NFLoadBalancer:name=COMPUTE-SERVICE,current list of Servers=[10.0.72.186:2223],Load balancer stats=Zone stats: {defaultzone=[Zone:defaultzone;	Instance count:1;	Active connections count: 0;	Circuit breaker tripped count: 0;	Active connections per server: 0.0;]
},Server stats: [[Server:10.0.72.186:2223;	Zone:defaultZone;	Total Requests:0;	Successive connection failure:0;	Total blackout seconds:0;	Last connection made:Thu Jan 01 08:00:00 CST 1970;	First connection made: Thu Jan 01 08:00:00 CST 1970;	Active Connections:0;	total failure count in last (1000) msecs:0;	average resp time:0.0;	90 percentile resp time:0.0;	95 percentile resp time:0.0;	min resp time:0.0;	max resp time:0.0;	stddev resp time:0.0]
]}ServerList:org.springframework.cloud.netflix.ribbon.eureka.DomainExtractingServerList@3183f475
2017-09-14 15:34:46.688  INFO 7384 --- [pool-7-thread-1] c.netflix.config.ChainedDynamicProperty  : Flipping property: COMPUTE-SERVICE.ribbon.ActiveConnectionsLimit to use NEXT property: niws.loadbalancer.availabilityFilteringRule.activeConnectionsLimit = 2147483647
2017-09-14 15:38:20.864  INFO 11516 --- [main] c.p.m.calculate.RibbonApplication        : No active profile set, falling back to default profiles: default
2017-09-14 15:38:22.133  WARN 11516 --- [main] o.s.c.a.ConfigurationClassPostProcessor  : Cannot enhance @Configuration bean definition 'refreshScope' since its singleton instance has been created too early. The typical cause is a non-static @Bean method with a BeanDefinitionRegistryPostProcessor return type: Consider declaring such methods as 'static'.
2017-09-14 15:38:22.242  INFO 11516 --- [main] o.s.cloud.context.scope.GenericScope     : BeanFactory id=8e1102fb-7550-3a3b-ba04-31e7518e30dd
2017-09-14 15:38:22.255  INFO 11516 --- [main] f.a.AutowiredAnnotationBeanPostProcessor : JSR-330 'javax.inject.Inject' annotation found and supported for autowiring
2017-09-14 15:38:22.273  INFO 11516 --- [main] trationDelegate$BeanPostProcessorChecker : Bean 'org.springframework.cloud.autoconfigure.ConfigurationPropertiesRebinderAutoConfiguration' of type [class org.springframework.cloud.autoconfigure.ConfigurationPropertiesRebinderAutoConfiguration$$EnhancerBySpringCGLIB$$c9a07e8b] is not eligible for getting processed by all BeanPostProcessors (for example: not eligible for auto-proxying)
2017-09-14 15:38:22.616  INFO 11516 --- [main] o.apache.catalina.core.StandardService   : Starting service Tomcat
2017-09-14 15:38:22.619  INFO 11516 --- [main] org.apache.catalina.core.StandardEngine  : Starting Servlet Engine: Apache Tomcat/8.0.33
2017-09-14 15:38:22.761  INFO 11516 --- [localhost-startStop-1] o.a.c.c.C.[Tomcat].[localhost].[/]       : Initializing Spring embedded WebApplicationContext
2017-09-14 15:38:22.767  INFO 11516 --- [localhost-startStop-1] o.s.web.context.ContextLoader            : Root WebApplicationContext: initialization completed in 1889 ms
2017-09-14 15:38:23.566  INFO 11516 --- [main] s.w.s.m.m.a.RequestMappingHandlerAdapter : Looking for @ControllerAdvice: org.springframework.boot.context.embedded.AnnotationConfigEmbeddedWebApplicationContext@1bae316d: startup date [Thu Sep 14 15:38:20 CST 2017]; parent: org.springframework.context.annotation.AnnotationConfigApplicationContext@4278a03f
2017-09-14 15:38:23.628  INFO 11516 --- [main] s.w.s.m.m.a.RequestMappingHandlerMapping : Mapped "{[/add],methods=[GET]}" onto public java.lang.String com.pycredit.microservice.calculate.controller.ConsumerController.add()
2017-09-14 15:38:23.635  INFO 11516 --- [main] s.w.s.m.m.a.RequestMappingHandlerMapping : Mapped "{[/error]}" onto public org.springframework.http.ResponseEntity<java.util.Map<java.lang.String, java.lang.Object>> org.springframework.boot.autoconfigure.web.BasicErrorController.error(javax.servlet.http.HttpServletRequest)
2017-09-14 15:38:23.640  INFO 11516 --- [main] s.w.s.m.m.a.RequestMappingHandlerMapping : Mapped "{[/error],produces=[text/html]}" onto public org.springframework.web.servlet.ModelAndView org.springframework.boot.autoconfigure.web.BasicErrorController.errorHtml(javax.servlet.http.HttpServletRequest,javax.servlet.http.HttpServletResponse)
2017-09-14 15:38:23.669  INFO 11516 --- [main] o.s.w.s.handler.SimpleUrlHandlerMapping  : Mapped URL path [/webjars/**] onto handler of type [class org.springframework.web.servlet.resource.ResourceHttpRequestHandler]
2017-09-14 15:38:23.670  INFO 11516 --- [main] o.s.w.s.handler.SimpleUrlHandlerMapping  : Mapped URL path [/**] onto handler of type [class org.springframework.web.servlet.resource.ResourceHttpRequestHandler]
2017-09-14 15:38:23.705  INFO 11516 --- [main] o.s.w.s.handler.SimpleUrlHandlerMapping  : Mapped URL path [/**/favicon.ico] onto handler of type [class org.springframework.web.servlet.resource.ResourceHttpRequestHandler]
2017-09-14 15:38:23.925  WARN 11516 --- [main] c.n.c.sources.URLConfigurationSource     : No URLs will be polled as dynamic configuration sources.
2017-09-14 15:38:23.928  INFO 11516 --- [main] c.n.c.sources.URLConfigurationSource     : To enable URLs as dynamic configuration sources, define System property archaius.configurationSource.additionalUrls or make config.properties available on classpath.
2017-09-14 15:38:23.937  WARN 11516 --- [main] c.n.c.sources.URLConfigurationSource     : No URLs will be polled as dynamic configuration sources.
2017-09-14 15:38:23.937  INFO 11516 --- [main] c.n.c.sources.URLConfigurationSource     : To enable URLs as dynamic configuration sources, define System property archaius.configurationSource.additionalUrls or make config.properties available on classpath.
2017-09-14 15:38:24.005  INFO 11516 --- [main] o.s.j.e.a.AnnotationMBeanExporter        : Registering beans for JMX exposure on startup
2017-09-14 15:38:24.012  INFO 11516 --- [main] o.s.j.e.a.AnnotationMBeanExporter        : Bean with name 'refreshScope' has been autodetected for JMX exposure
2017-09-14 15:38:24.013  INFO 11516 --- [main] o.s.j.e.a.AnnotationMBeanExporter        : Bean with name 'environmentManager' has been autodetected for JMX exposure
2017-09-14 15:38:24.014  INFO 11516 --- [main] o.s.j.e.a.AnnotationMBeanExporter        : Bean with name 'configurationPropertiesRebinder' has been autodetected for JMX exposure
2017-09-14 15:38:24.022  INFO 11516 --- [main] o.s.j.e.a.AnnotationMBeanExporter        : Located managed bean 'environmentManager': registering with JMX server as MBean [org.springframework.cloud.context.environment:name=environmentManager,type=EnvironmentManager]
2017-09-14 15:38:24.038  INFO 11516 --- [main] o.s.j.e.a.AnnotationMBeanExporter        : Located managed bean 'refreshScope': registering with JMX server as MBean [org.springframework.cloud.context.scope.refresh:name=refreshScope,type=RefreshScope]
2017-09-14 15:38:24.043  INFO 11516 --- [main] o.s.j.e.a.AnnotationMBeanExporter        : Located managed bean 'configurationPropertiesRebinder': registering with JMX server as MBean [org.springframework.cloud.context.properties:name=configurationPropertiesRebinder,context=1bae316d,type=ConfigurationPropertiesRebinder]
2017-09-14 15:38:24.201  INFO 11516 --- [main] o.s.c.support.DefaultLifecycleProcessor  : Starting beans in phase 0
2017-09-14 15:38:24.208  INFO 11516 --- [main] o.s.c.n.eureka.InstanceInfoFactory       : Setting initial instance status as: STARTING
2017-09-14 15:38:24.572  INFO 11516 --- [main] c.n.d.provider.DiscoveryJerseyProvider   : Using JSON encoding codec LegacyJacksonJson
2017-09-14 15:38:24.573  INFO 11516 --- [main] c.n.d.provider.DiscoveryJerseyProvider   : Using JSON decoding codec LegacyJacksonJson
2017-09-14 15:38:24.642  INFO 11516 --- [main] c.n.d.provider.DiscoveryJerseyProvider   : Using XML encoding codec XStreamXml
2017-09-14 15:38:24.645  INFO 11516 --- [main] c.n.d.provider.DiscoveryJerseyProvider   : Using XML decoding codec XStreamXml
2017-09-14 15:38:24.907  INFO 11516 --- [main] c.n.d.s.r.aws.ConfigClusterResolver      : Resolving eureka endpoints via configuration
2017-09-14 15:38:24.965  INFO 11516 --- [main] com.netflix.discovery.DiscoveryClient    : Disable delta property : false
2017-09-14 15:38:24.965  INFO 11516 --- [main] com.netflix.discovery.DiscoveryClient    : Single vip registry refresh property : null
2017-09-14 15:38:24.965  INFO 11516 --- [main] com.netflix.discovery.DiscoveryClient    : Force full registry fetch : false
2017-09-14 15:38:24.965  INFO 11516 --- [main] com.netflix.discovery.DiscoveryClient    : Application is null : false
2017-09-14 15:38:24.965  INFO 11516 --- [main] com.netflix.discovery.DiscoveryClient    : Registered Applications size is zero : true
2017-09-14 15:38:24.965  INFO 11516 --- [main] com.netflix.discovery.DiscoveryClient    : Application version is -1: true
2017-09-14 15:38:24.969  INFO 11516 --- [main] com.netflix.discovery.DiscoveryClient    : Getting all instance registry info from the eureka server
2017-09-14 15:38:25.471  INFO 11516 --- [main] com.netflix.discovery.DiscoveryClient    : The response status is 200
2017-09-14 15:38:25.473  INFO 11516 --- [main] com.netflix.discovery.DiscoveryClient    : Starting heartbeat executor: renew interval is: 30
2017-09-14 15:38:25.477  INFO 11516 --- [main] c.n.discovery.InstanceInfoReplicator     : InstanceInfoReplicator onDemand update allowed rate per min is 4
2017-09-14 15:38:25.835  INFO 11516 --- [main] c.n.e.EurekaDiscoveryClientConfiguration : Registering application ribbon-consumer with eureka with status UP
2017-09-14 15:38:25.843  INFO 11516 --- [main] com.netflix.discovery.DiscoveryClient    : Saw local status change event StatusChangeEvent [timestamp=1505374705843, current=UP, previous=STARTING]
2017-09-14 15:38:25.851  INFO 11516 --- [DiscoveryClient-InstanceInfoReplicator-0] com.netflix.discovery.DiscoveryClient    : DiscoveryClient_RIBBON-CONSUMER/10.0.72.186:ribbon-consumer:3333: registering service...
2017-09-14 15:38:26.177  INFO 11516 --- [main] c.n.e.EurekaDiscoveryClientConfiguration : Updating port to 3333
2017-09-14 15:38:26.187  INFO 11516 --- [main] c.p.m.calculate.RibbonApplication        : Started RibbonApplication in 6.574 seconds (JVM running for 7.087)
2017-09-14 15:38:26.441  INFO 11516 --- [DiscoveryClient-InstanceInfoReplicator-0] com.netflix.discovery.DiscoveryClient    : DiscoveryClient_RIBBON-CONSUMER/10.0.72.186:ribbon-consumer:3333 - registration status: 204
2017-09-14 15:38:41.984  INFO 11516 --- [http-nio-3333-exec-1] o.a.c.c.C.[Tomcat].[localhost].[/]       : Initializing Spring FrameworkServlet 'dispatcherServlet'
2017-09-14 15:38:41.985  INFO 11516 --- [http-nio-3333-exec-1] o.s.web.servlet.DispatcherServlet        : FrameworkServlet 'dispatcherServlet': initialization started
2017-09-14 15:38:42.002  INFO 11516 --- [http-nio-3333-exec-1] o.s.web.servlet.DispatcherServlet        : FrameworkServlet 'dispatcherServlet': initialization completed in 13 ms
2017-09-14 15:38:42.042  INFO 11516 --- [http-nio-3333-exec-1] s.c.a.AnnotationConfigApplicationContext : Refreshing org.springframework.context.annotation.AnnotationConfigApplicationContext@5515b290: startup date [Thu Sep 14 15:38:42 CST 2017]; parent: org.springframework.boot.context.embedded.AnnotationConfigEmbeddedWebApplicationContext@1bae316d
2017-09-14 15:38:42.074  INFO 11516 --- [http-nio-3333-exec-1] f.a.AutowiredAnnotationBeanPostProcessor : JSR-330 'javax.inject.Inject' annotation found and supported for autowiring
2017-09-14 15:38:42.274  INFO 11516 --- [http-nio-3333-exec-1] c.netflix.config.ChainedDynamicProperty  : Flipping property: COMPUTE-SERVICE.ribbon.ActiveConnectionsLimit to use NEXT property: niws.loadbalancer.availabilityFilteringRule.activeConnectionsLimit = 2147483647
2017-09-14 15:38:42.302  INFO 11516 --- [http-nio-3333-exec-1] c.n.u.concurrent.ShutdownEnabledTimer    : Shutdown hook installed for: NFLoadBalancer-PingTimer-COMPUTE-SERVICE
2017-09-14 15:38:42.326  INFO 11516 --- [http-nio-3333-exec-1] c.netflix.loadbalancer.BaseLoadBalancer  : Client:COMPUTE-SERVICE instantiated a LoadBalancer:DynamicServerListLoadBalancer:{NFLoadBalancer:name=COMPUTE-SERVICE,current list of Servers=[],Load balancer stats=Zone stats: {},Server stats: []}ServerList:null
2017-09-14 15:38:42.336  INFO 11516 --- [http-nio-3333-exec-1] c.n.l.DynamicServerListLoadBalancer      : DynamicServerListLoadBalancer for client COMPUTE-SERVICE initialized: DynamicServerListLoadBalancer:{NFLoadBalancer:name=COMPUTE-SERVICE,current list of Servers=[],Load balancer stats=Zone stats: {},Server stats: []}ServerList:org.springframework.cloud.netflix.ribbon.eureka.DomainExtractingServerList@1b008c5e
2017-09-14 15:38:42.384 ERROR 11516 --- [http-nio-3333-exec-1] o.a.c.c.C.[.[.[/].[dispatcherServlet]    : Servlet.service() for servlet [dispatcherServlet] in context with path [] threw exception [Request processing failed; nested exception is java.lang.IllegalStateException: No instances available for COMPUTE-SERVICE] with root cause

java.lang.IllegalStateException: No instances available for COMPUTE-SERVICE
	at org.springframework.cloud.netflix.ribbon.RibbonLoadBalancerClient.execute(RibbonLoadBalancerClient.java:79) ~[spring-cloud-netflix-core-1.1.0.RELEASE.jar:1.1.0.RELEASE]
	at org.springframework.cloud.client.loadbalancer.LoadBalancerInterceptor.intercept(LoadBalancerInterceptor.java:46) ~[spring-cloud-commons-1.1.0.RELEASE.jar:1.1.0.RELEASE]
	at org.springframework.http.client.InterceptingClientHttpRequest$InterceptingRequestExecution.execute(InterceptingClientHttpRequest.java:85) ~[spring-web-4.2.6.RELEASE.jar:4.2.6.RELEASE]
	at org.springframework.http.client.InterceptingClientHttpRequest.executeInternal(InterceptingClientHttpRequest.java:69) ~[spring-web-4.2.6.RELEASE.jar:4.2.6.RELEASE]
	at org.springframework.http.client.AbstractBufferingClientHttpRequest.executeInternal(AbstractBufferingClientHttpRequest.java:48) ~[spring-web-4.2.6.RELEASE.jar:4.2.6.RELEASE]
	at org.springframework.http.client.AbstractClientHttpRequest.execute(AbstractClientHttpRequest.java:53) ~[spring-web-4.2.6.RELEASE.jar:4.2.6.RELEASE]
	at org.springframework.web.client.RestTemplate.doExecute(RestTemplate.java:596) ~[spring-web-4.2.6.RELEASE.jar:4.2.6.RELEASE]
	at org.springframework.web.client.RestTemplate.execute(RestTemplate.java:557) ~[spring-web-4.2.6.RELEASE.jar:4.2.6.RELEASE]
	at org.springframework.web.client.RestTemplate.getForEntity(RestTemplate.java:289) ~[spring-web-4.2.6.RELEASE.jar:4.2.6.RELEASE]
	at com.pycredit.microservice.calculate.controller.ConsumerController.add(ConsumerController.java:15) ~[classes/:na]
	at sun.reflect.NativeMethodAccessorImpl.invoke0(Native Method) ~[na:1.8.0_144]
	at sun.reflect.NativeMethodAccessorImpl.invoke(Unknown Source) ~[na:1.8.0_144]
	at sun.reflect.DelegatingMethodAccessorImpl.invoke(Unknown Source) ~[na:1.8.0_144]
	at java.lang.reflect.Method.invoke(Unknown Source) ~[na:1.8.0_144]
	at org.springframework.web.method.support.InvocableHandlerMethod.doInvoke(InvocableHandlerMethod.java:221) ~[spring-web-4.2.6.RELEASE.jar:4.2.6.RELEASE]
	at org.springframework.web.method.support.InvocableHandlerMethod.invokeForRequest(InvocableHandlerMethod.java:136) ~[spring-web-4.2.6.RELEASE.jar:4.2.6.RELEASE]
	at org.springframework.web.servlet.mvc.method.annotation.ServletInvocableHandlerMethod.invokeAndHandle(ServletInvocableHandlerMethod.java:110) ~[spring-webmvc-4.2.6.RELEASE.jar:4.2.6.RELEASE]
	at org.springframework.web.servlet.mvc.method.annotation.RequestMappingHandlerAdapter.invokeHandlerMethod(RequestMappingHandlerAdapter.java:832) ~[spring-webmvc-4.2.6.RELEASE.jar:4.2.6.RELEASE]
	at org.springframework.web.servlet.mvc.method.annotation.RequestMappingHandlerAdapter.handleInternal(RequestMappingHandlerAdapter.java:743) ~[spring-webmvc-4.2.6.RELEASE.jar:4.2.6.RELEASE]
	at org.springframework.web.servlet.mvc.method.AbstractHandlerMethodAdapter.handle(AbstractHandlerMethodAdapter.java:85) ~[spring-webmvc-4.2.6.RELEASE.jar:4.2.6.RELEASE]
	at org.springframework.web.servlet.DispatcherServlet.doDispatch(DispatcherServlet.java:961) ~[spring-webmvc-4.2.6.RELEASE.jar:4.2.6.RELEASE]
	at org.springframework.web.servlet.DispatcherServlet.doService(DispatcherServlet.java:895) ~[spring-webmvc-4.2.6.RELEASE.jar:4.2.6.RELEASE]
	at org.springframework.web.servlet.FrameworkServlet.processRequest(FrameworkServlet.java:967) ~[spring-webmvc-4.2.6.RELEASE.jar:4.2.6.RELEASE]
	at org.springframework.web.servlet.FrameworkServlet.doGet(FrameworkServlet.java:858) ~[spring-webmvc-4.2.6.RELEASE.jar:4.2.6.RELEASE]
	at javax.servlet.http.HttpServlet.service(HttpServlet.java:622) ~[tomcat-embed-core-8.0.33.jar:8.0.33]
	at org.springframework.web.servlet.FrameworkServlet.service(FrameworkServlet.java:843) ~[spring-webmvc-4.2.6.RELEASE.jar:4.2.6.RELEASE]
	at javax.servlet.http.HttpServlet.service(HttpServlet.java:729) ~[tomcat-embed-core-8.0.33.jar:8.0.33]
	at org.apache.catalina.core.ApplicationFilterChain.internalDoFilter(ApplicationFilterChain.java:292) ~[tomcat-embed-core-8.0.33.jar:8.0.33]
	at org.apache.catalina.core.ApplicationFilterChain.doFilter(ApplicationFilterChain.java:207) ~[tomcat-embed-core-8.0.33.jar:8.0.33]
	at org.apache.tomcat.websocket.server.WsFilter.doFilter(WsFilter.java:52) ~[tomcat-embed-websocket-8.0.33.jar:8.0.33]
	at org.apache.catalina.core.ApplicationFilterChain.internalDoFilter(ApplicationFilterChain.java:240) ~[tomcat-embed-core-8.0.33.jar:8.0.33]
	at org.apache.catalina.core.ApplicationFilterChain.doFilter(ApplicationFilterChain.java:207) ~[tomcat-embed-core-8.0.33.jar:8.0.33]
	at org.springframework.web.filter.RequestContextFilter.doFilterInternal(RequestContextFilter.java:99) ~[spring-web-4.2.6.RELEASE.jar:4.2.6.RELEASE]
	at org.springframework.web.filter.OncePerRequestFilter.doFilter(OncePerRequestFilter.java:107) ~[spring-web-4.2.6.RELEASE.jar:4.2.6.RELEASE]
	at org.apache.catalina.core.ApplicationFilterChain.internalDoFilter(ApplicationFilterChain.java:240) ~[tomcat-embed-core-8.0.33.jar:8.0.33]
	at org.apache.catalina.core.ApplicationFilterChain.doFilter(ApplicationFilterChain.java:207) ~[tomcat-embed-core-8.0.33.jar:8.0.33]
	at org.springframework.web.filter.HttpPutFormContentFilter.doFilterInternal(HttpPutFormContentFilter.java:87) ~[spring-web-4.2.6.RELEASE.jar:4.2.6.RELEASE]
	at org.springframework.web.filter.OncePerRequestFilter.doFilter(OncePerRequestFilter.java:107) ~[spring-web-4.2.6.RELEASE.jar:4.2.6.RELEASE]
	at org.apache.catalina.core.ApplicationFilterChain.internalDoFilter(ApplicationFilterChain.java:240) ~[tomcat-embed-core-8.0.33.jar:8.0.33]
	at org.apache.catalina.core.ApplicationFilterChain.doFilter(ApplicationFilterChain.java:207) ~[tomcat-embed-core-8.0.33.jar:8.0.33]
	at org.springframework.web.filter.HiddenHttpMethodFilter.doFilterInternal(HiddenHttpMethodFilter.java:77) ~[spring-web-4.2.6.RELEASE.jar:4.2.6.RELEASE]
	at org.springframework.web.filter.OncePerRequestFilter.doFilter(OncePerRequestFilter.java:107) ~[spring-web-4.2.6.RELEASE.jar:4.2.6.RELEASE]
	at org.apache.catalina.core.ApplicationFilterChain.internalDoFilter(ApplicationFilterChain.java:240) ~[tomcat-embed-core-8.0.33.jar:8.0.33]
	at org.apache.catalina.core.ApplicationFilterChain.doFilter(ApplicationFilterChain.java:207) ~[tomcat-embed-core-8.0.33.jar:8.0.33]
	at org.springframework.web.filter.CharacterEncodingFilter.doFilterInternal(CharacterEncodingFilter.java:121) ~[spring-web-4.2.6.RELEASE.jar:4.2.6.RELEASE]
	at org.springframework.web.filter.OncePerRequestFilter.doFilter(OncePerRequestFilter.java:107) ~[spring-web-4.2.6.RELEASE.jar:4.2.6.RELEASE]
	at org.apache.catalina.core.ApplicationFilterChain.internalDoFilter(ApplicationFilterChain.java:240) ~[tomcat-embed-core-8.0.33.jar:8.0.33]
	at org.apache.catalina.core.ApplicationFilterChain.doFilter(ApplicationFilterChain.java:207) ~[tomcat-embed-core-8.0.33.jar:8.0.33]
	at org.apache.catalina.core.StandardWrapperValve.invoke(StandardWrapperValve.java:212) ~[tomcat-embed-core-8.0.33.jar:8.0.33]
	at org.apache.catalina.core.StandardContextValve.invoke(StandardContextValve.java:106) [tomcat-embed-core-8.0.33.jar:8.0.33]
	at org.apache.catalina.authenticator.AuthenticatorBase.invoke(AuthenticatorBase.java:502) [tomcat-embed-core-8.0.33.jar:8.0.33]
	at org.apache.catalina.core.StandardHostValve.invoke(StandardHostValve.java:141) [tomcat-embed-core-8.0.33.jar:8.0.33]
	at org.apache.catalina.valves.ErrorReportValve.invoke(ErrorReportValve.java:79) [tomcat-embed-core-8.0.33.jar:8.0.33]
	at org.apache.catalina.core.StandardEngineValve.invoke(StandardEngineValve.java:88) [tomcat-embed-core-8.0.33.jar:8.0.33]
	at org.apache.catalina.connector.CoyoteAdapter.service(CoyoteAdapter.java:522) [tomcat-embed-core-8.0.33.jar:8.0.33]
	at org.apache.coyote.http11.AbstractHttp11Processor.process(AbstractHttp11Processor.java:1095) [tomcat-embed-core-8.0.33.jar:8.0.33]
	at org.apache.coyote.AbstractProtocol$AbstractConnectionHandler.process(AbstractProtocol.java:672) [tomcat-embed-core-8.0.33.jar:8.0.33]
	at org.apache.tomcat.util.net.NioEndpoint$SocketProcessor.doRun(NioEndpoint.java:1502) [tomcat-embed-core-8.0.33.jar:8.0.33]
	at org.apache.tomcat.util.net.NioEndpoint$SocketProcessor.run(NioEndpoint.java:1458) [tomcat-embed-core-8.0.33.jar:8.0.33]
	at java.util.concurrent.ThreadPoolExecutor.runWorker(Unknown Source) [na:1.8.0_144]
	at java.util.concurrent.ThreadPoolExecutor$Worker.run(Unknown Source) [na:1.8.0_144]
	at org.apache.tomcat.util.threads.TaskThread$WrappingRunnable.run(TaskThread.java:61) [tomcat-embed-core-8.0.33.jar:8.0.33]
	at java.lang.Thread.run(Unknown Source) [na:1.8.0_144]

2017-09-14 15:38:55.473  INFO 11516 --- [DiscoveryClient-CacheRefreshExecutor-0] com.netflix.discovery.DiscoveryClient    : Disable delta property : false
2017-09-14 15:38:55.474  INFO 11516 --- [DiscoveryClient-CacheRefreshExecutor-0] com.netflix.discovery.DiscoveryClient    : Single vip registry refresh property : null
2017-09-14 15:38:55.479  INFO 11516 --- [DiscoveryClient-CacheRefreshExecutor-0] com.netflix.discovery.DiscoveryClient    : Force full registry fetch : false
2017-09-14 15:38:55.479  INFO 11516 --- [DiscoveryClient-CacheRefreshExecutor-0] com.netflix.discovery.DiscoveryClient    : Application is null : false
2017-09-14 15:38:55.494  INFO 11516 --- [DiscoveryClient-CacheRefreshExecutor-0] com.netflix.discovery.DiscoveryClient    : Registered Applications size is zero : true
2017-09-14 15:38:55.495  INFO 11516 --- [DiscoveryClient-CacheRefreshExecutor-0] com.netflix.discovery.DiscoveryClient    : Application version is -1: false
2017-09-14 15:38:55.495  INFO 11516 --- [DiscoveryClient-CacheRefreshExecutor-0] com.netflix.discovery.DiscoveryClient    : Getting all instance registry info from the eureka server
2017-09-14 15:38:55.520  INFO 11516 --- [DiscoveryClient-CacheRefreshExecutor-0] com.netflix.discovery.DiscoveryClient    : The response status is 200
2017-09-14 15:39:37.547 ERROR 11516 --- [http-nio-3333-exec-4] o.a.c.c.C.[.[.[/].[dispatcherServlet]    : Servlet.service() for servlet [dispatcherServlet] in context with path [] threw exception [Request processing failed; nested exception is java.lang.IllegalStateException: No instances available for COMPUTE-SERVICE] with root cause

java.lang.IllegalStateException: No instances available for COMPUTE-SERVICE
	at org.springframework.cloud.netflix.ribbon.RibbonLoadBalancerClient.execute(RibbonLoadBalancerClient.java:79) ~[spring-cloud-netflix-core-1.1.0.RELEASE.jar:1.1.0.RELEASE]
	at org.springframework.cloud.client.loadbalancer.LoadBalancerInterceptor.intercept(LoadBalancerInterceptor.java:46) ~[spring-cloud-commons-1.1.0.RELEASE.jar:1.1.0.RELEASE]
	at org.springframework.http.client.InterceptingClientHttpRequest$InterceptingRequestExecution.execute(InterceptingClientHttpRequest.java:85) ~[spring-web-4.2.6.RELEASE.jar:4.2.6.RELEASE]
	at org.springframework.http.client.InterceptingClientHttpRequest.executeInternal(InterceptingClientHttpRequest.java:69) ~[spring-web-4.2.6.RELEASE.jar:4.2.6.RELEASE]
	at org.springframework.http.client.AbstractBufferingClientHttpRequest.executeInternal(AbstractBufferingClientHttpRequest.java:48) ~[spring-web-4.2.6.RELEASE.jar:4.2.6.RELEASE]
	at org.springframework.http.client.AbstractClientHttpRequest.execute(AbstractClientHttpRequest.java:53) ~[spring-web-4.2.6.RELEASE.jar:4.2.6.RELEASE]
	at org.springframework.web.client.RestTemplate.doExecute(RestTemplate.java:596) ~[spring-web-4.2.6.RELEASE.jar:4.2.6.RELEASE]
	at org.springframework.web.client.RestTemplate.execute(RestTemplate.java:557) ~[spring-web-4.2.6.RELEASE.jar:4.2.6.RELEASE]
	at org.springframework.web.client.RestTemplate.getForEntity(RestTemplate.java:289) ~[spring-web-4.2.6.RELEASE.jar:4.2.6.RELEASE]
	at com.pycredit.microservice.calculate.controller.ConsumerController.add(ConsumerController.java:15) ~[classes/:na]
	at sun.reflect.NativeMethodAccessorImpl.invoke0(Native Method) ~[na:1.8.0_144]
	at sun.reflect.NativeMethodAccessorImpl.invoke(Unknown Source) ~[na:1.8.0_144]
	at sun.reflect.DelegatingMethodAccessorImpl.invoke(Unknown Source) ~[na:1.8.0_144]
	at java.lang.reflect.Method.invoke(Unknown Source) ~[na:1.8.0_144]
	at org.springframework.web.method.support.InvocableHandlerMethod.doInvoke(InvocableHandlerMethod.java:221) ~[spring-web-4.2.6.RELEASE.jar:4.2.6.RELEASE]
	at org.springframework.web.method.support.InvocableHandlerMethod.invokeForRequest(InvocableHandlerMethod.java:136) ~[spring-web-4.2.6.RELEASE.jar:4.2.6.RELEASE]
	at org.springframework.web.servlet.mvc.method.annotation.ServletInvocableHandlerMethod.invokeAndHandle(ServletInvocableHandlerMethod.java:110) ~[spring-webmvc-4.2.6.RELEASE.jar:4.2.6.RELEASE]
	at org.springframework.web.servlet.mvc.method.annotation.RequestMappingHandlerAdapter.invokeHandlerMethod(RequestMappingHandlerAdapter.java:832) ~[spring-webmvc-4.2.6.RELEASE.jar:4.2.6.RELEASE]
	at org.springframework.web.servlet.mvc.method.annotation.RequestMappingHandlerAdapter.handleInternal(RequestMappingHandlerAdapter.java:743) ~[spring-webmvc-4.2.6.RELEASE.jar:4.2.6.RELEASE]
	at org.springframework.web.servlet.mvc.method.AbstractHandlerMethodAdapter.handle(AbstractHandlerMethodAdapter.java:85) ~[spring-webmvc-4.2.6.RELEASE.jar:4.2.6.RELEASE]
	at org.springframework.web.servlet.DispatcherServlet.doDispatch(DispatcherServlet.java:961) ~[spring-webmvc-4.2.6.RELEASE.jar:4.2.6.RELEASE]
	at org.springframework.web.servlet.DispatcherServlet.doService(DispatcherServlet.java:895) ~[spring-webmvc-4.2.6.RELEASE.jar:4.2.6.RELEASE]
	at org.springframework.web.servlet.FrameworkServlet.processRequest(FrameworkServlet.java:967) ~[spring-webmvc-4.2.6.RELEASE.jar:4.2.6.RELEASE]
	at org.springframework.web.servlet.FrameworkServlet.doGet(FrameworkServlet.java:858) ~[spring-webmvc-4.2.6.RELEASE.jar:4.2.6.RELEASE]
	at javax.servlet.http.HttpServlet.service(HttpServlet.java:622) ~[tomcat-embed-core-8.0.33.jar:8.0.33]
	at org.springframework.web.servlet.FrameworkServlet.service(FrameworkServlet.java:843) ~[spring-webmvc-4.2.6.RELEASE.jar:4.2.6.RELEASE]
	at javax.servlet.http.HttpServlet.service(HttpServlet.java:729) ~[tomcat-embed-core-8.0.33.jar:8.0.33]
	at org.apache.catalina.core.ApplicationFilterChain.internalDoFilter(ApplicationFilterChain.java:292) ~[tomcat-embed-core-8.0.33.jar:8.0.33]
	at org.apache.catalina.core.ApplicationFilterChain.doFilter(ApplicationFilterChain.java:207) ~[tomcat-embed-core-8.0.33.jar:8.0.33]
	at org.apache.tomcat.websocket.server.WsFilter.doFilter(WsFilter.java:52) ~[tomcat-embed-websocket-8.0.33.jar:8.0.33]
	at org.apache.catalina.core.ApplicationFilterChain.internalDoFilter(ApplicationFilterChain.java:240) ~[tomcat-embed-core-8.0.33.jar:8.0.33]
	at org.apache.catalina.core.ApplicationFilterChain.doFilter(ApplicationFilterChain.java:207) ~[tomcat-embed-core-8.0.33.jar:8.0.33]
	at org.springframework.web.filter.RequestContextFilter.doFilterInternal(RequestContextFilter.java:99) ~[spring-web-4.2.6.RELEASE.jar:4.2.6.RELEASE]
	at org.springframework.web.filter.OncePerRequestFilter.doFilter(OncePerRequestFilter.java:107) ~[spring-web-4.2.6.RELEASE.jar:4.2.6.RELEASE]
	at org.apache.catalina.core.ApplicationFilterChain.internalDoFilter(ApplicationFilterChain.java:240) ~[tomcat-embed-core-8.0.33.jar:8.0.33]
	at org.apache.catalina.core.ApplicationFilterChain.doFilter(ApplicationFilterChain.java:207) ~[tomcat-embed-core-8.0.33.jar:8.0.33]
	at org.springframework.web.filter.HttpPutFormContentFilter.doFilterInternal(HttpPutFormContentFilter.java:87) ~[spring-web-4.2.6.RELEASE.jar:4.2.6.RELEASE]
	at org.springframework.web.filter.OncePerRequestFilter.doFilter(OncePerRequestFilter.java:107) ~[spring-web-4.2.6.RELEASE.jar:4.2.6.RELEASE]
	at org.apache.catalina.core.ApplicationFilterChain.internalDoFilter(ApplicationFilterChain.java:240) ~[tomcat-embed-core-8.0.33.jar:8.0.33]
	at org.apache.catalina.core.ApplicationFilterChain.doFilter(ApplicationFilterChain.java:207) ~[tomcat-embed-core-8.0.33.jar:8.0.33]
	at org.springframework.web.filter.HiddenHttpMethodFilter.doFilterInternal(HiddenHttpMethodFilter.java:77) ~[spring-web-4.2.6.RELEASE.jar:4.2.6.RELEASE]
	at org.springframework.web.filter.OncePerRequestFilter.doFilter(OncePerRequestFilter.java:107) ~[spring-web-4.2.6.RELEASE.jar:4.2.6.RELEASE]
	at org.apache.catalina.core.ApplicationFilterChain.internalDoFilter(ApplicationFilterChain.java:240) ~[tomcat-embed-core-8.0.33.jar:8.0.33]
	at org.apache.catalina.core.ApplicationFilterChain.doFilter(ApplicationFilterChain.java:207) ~[tomcat-embed-core-8.0.33.jar:8.0.33]
	at org.springframework.web.filter.CharacterEncodingFilter.doFilterInternal(CharacterEncodingFilter.java:121) ~[spring-web-4.2.6.RELEASE.jar:4.2.6.RELEASE]
	at org.springframework.web.filter.OncePerRequestFilter.doFilter(OncePerRequestFilter.java:107) ~[spring-web-4.2.6.RELEASE.jar:4.2.6.RELEASE]
	at org.apache.catalina.core.ApplicationFilterChain.internalDoFilter(ApplicationFilterChain.java:240) ~[tomcat-embed-core-8.0.33.jar:8.0.33]
	at org.apache.catalina.core.ApplicationFilterChain.doFilter(ApplicationFilterChain.java:207) ~[tomcat-embed-core-8.0.33.jar:8.0.33]
	at org.apache.catalina.core.StandardWrapperValve.invoke(StandardWrapperValve.java:212) ~[tomcat-embed-core-8.0.33.jar:8.0.33]
	at org.apache.catalina.core.StandardContextValve.invoke(StandardContextValve.java:106) [tomcat-embed-core-8.0.33.jar:8.0.33]
	at org.apache.catalina.authenticator.AuthenticatorBase.invoke(AuthenticatorBase.java:502) [tomcat-embed-core-8.0.33.jar:8.0.33]
	at org.apache.catalina.core.StandardHostValve.invoke(StandardHostValve.java:141) [tomcat-embed-core-8.0.33.jar:8.0.33]
	at org.apache.catalina.valves.ErrorReportValve.invoke(ErrorReportValve.java:79) [tomcat-embed-core-8.0.33.jar:8.0.33]
	at org.apache.catalina.core.StandardEngineValve.invoke(StandardEngineValve.java:88) [tomcat-embed-core-8.0.33.jar:8.0.33]
	at org.apache.catalina.connector.CoyoteAdapter.service(CoyoteAdapter.java:522) [tomcat-embed-core-8.0.33.jar:8.0.33]
	at org.apache.coyote.http11.AbstractHttp11Processor.process(AbstractHttp11Processor.java:1095) [tomcat-embed-core-8.0.33.jar:8.0.33]
	at org.apache.coyote.AbstractProtocol$AbstractConnectionHandler.process(AbstractProtocol.java:672) [tomcat-embed-core-8.0.33.jar:8.0.33]
	at org.apache.tomcat.util.net.NioEndpoint$SocketProcessor.doRun(NioEndpoint.java:1502) [tomcat-embed-core-8.0.33.jar:8.0.33]
	at org.apache.tomcat.util.net.NioEndpoint$SocketProcessor.run(NioEndpoint.java:1458) [tomcat-embed-core-8.0.33.jar:8.0.33]
	at java.util.concurrent.ThreadPoolExecutor.runWorker(Unknown Source) [na:1.8.0_144]
	at java.util.concurrent.ThreadPoolExecutor$Worker.run(Unknown Source) [na:1.8.0_144]
	at org.apache.tomcat.util.threads.TaskThread$WrappingRunnable.run(TaskThread.java:61) [tomcat-embed-core-8.0.33.jar:8.0.33]
	at java.lang.Thread.run(Unknown Source) [na:1.8.0_144]

2017-09-14 15:39:43.372  INFO 11516 --- [pool-7-thread-1] c.netflix.config.ChainedDynamicProperty  : Flipping property: COMPUTE-SERVICE.ribbon.ActiveConnectionsLimit to use NEXT property: niws.loadbalancer.availabilityFilteringRule.activeConnectionsLimit = 2147483647
2017-09-14 15:42:09.553  WARN 12112 --- [main] o.s.c.a.ConfigurationClassPostProcessor  : Cannot enhance @Configuration bean definition 'refreshScope' since its singleton instance has been created too early. The typical cause is a non-static @Bean method with a BeanDefinitionRegistryPostProcessor return type: Consider declaring such methods as 'static'.
2017-09-14 15:42:11.399  WARN 12112 --- [main] c.n.c.sources.URLConfigurationSource     : No URLs will be polled as dynamic configuration sources.
2017-09-14 15:42:11.411  WARN 12112 --- [main] c.n.c.sources.URLConfigurationSource     : No URLs will be polled as dynamic configuration sources.
2017-09-14 16:25:59.838  WARN 14328 --- [main] o.s.c.a.ConfigurationClassPostProcessor  : Cannot enhance @Configuration bean definition 'refreshScope' since its singleton instance has been created too early. The typical cause is a non-static @Bean method with a BeanDefinitionRegistryPostProcessor return type: Consider declaring such methods as 'static'.
2017-09-14 16:26:01.567  WARN 14328 --- [main] c.n.c.sources.URLConfigurationSource     : No URLs will be polled as dynamic configuration sources.
2017-09-14 16:26:01.584  WARN 14328 --- [main] c.n.c.sources.URLConfigurationSource     : No URLs will be polled as dynamic configuration sources.
2017-09-15 11:07:38.032  WARN [ribbon-consumer,,,] 5552 --- [main] o.s.c.a.ConfigurationClassPostProcessor  : Cannot enhance @Configuration bean definition 'refreshScope' since its singleton instance has been created too early. The typical cause is a non-static @Bean method with a BeanDefinitionRegistryPostProcessor return type: Consider declaring such methods as 'static'.
2017-09-15 11:07:43.392  WARN [ribbon-consumer,,,] 5552 --- [main] c.n.c.sources.URLConfigurationSource     : No URLs will be polled as dynamic configuration sources.
2017-09-15 11:07:43.404  WARN [ribbon-consumer,,,] 5552 --- [main] c.n.c.sources.URLConfigurationSource     : No URLs will be polled as dynamic configuration sources.
2017-09-15 11:48:05.693  WARN [ribbon-consumer,,,] 13544 --- [main] o.s.c.a.ConfigurationClassPostProcessor  : Cannot enhance @Configuration bean definition 'refreshScope' since its singleton instance has been created too early. The typical cause is a non-static @Bean method with a BeanDefinitionRegistryPostProcessor return type: Consider declaring such methods as 'static'.
2017-09-15 11:48:11.877  WARN [ribbon-consumer,,,] 13544 --- [main] c.n.c.sources.URLConfigurationSource     : No URLs will be polled as dynamic configuration sources.
2017-09-15 11:48:11.893  WARN [ribbon-consumer,,,] 13544 --- [main] c.n.c.sources.URLConfigurationSource     : No URLs will be polled as dynamic configuration sources.
2017-09-15 11:51:42.436  WARN [ribbon-consumer,,,] 10948 --- [main] o.s.c.a.ConfigurationClassPostProcessor  : Cannot enhance @Configuration bean definition 'refreshScope' since its singleton instance has been created too early. The typical cause is a non-static @Bean method with a BeanDefinitionRegistryPostProcessor return type: Consider declaring such methods as 'static'.
2017-09-15 11:51:50.171  WARN [ribbon-consumer,,,] 10948 --- [main] c.n.c.sources.URLConfigurationSource     : No URLs will be polled as dynamic configuration sources.
2017-09-15 11:51:50.216  WARN [ribbon-consumer,,,] 10948 --- [main] c.n.c.sources.URLConfigurationSource     : No URLs will be polled as dynamic configuration sources.
2017-09-15 11:51:52.359 ERROR [ribbon-consumer,,,] 10948 --- [main] o.a.coyote.http11.Http11NioProtocol      : Failed to start end point associated with ProtocolHandler ["http-nio-3333"]

java.net.BindException: Address already in use: bind
	at sun.nio.ch.Net.bind0(Native Method) ~[na:1.8.0_144]
	at sun.nio.ch.Net.bind(Unknown Source) ~[na:1.8.0_144]
	at sun.nio.ch.Net.bind(Unknown Source) ~[na:1.8.0_144]
	at sun.nio.ch.ServerSocketChannelImpl.bind(Unknown Source) ~[na:1.8.0_144]
	at sun.nio.ch.ServerSocketAdaptor.bind(Unknown Source) ~[na:1.8.0_144]
	at org.apache.tomcat.util.net.NioEndpoint.bind(NioEndpoint.java:340) ~[tomcat-embed-core-8.0.33.jar:8.0.33]
	at org.apache.tomcat.util.net.AbstractEndpoint.start(AbstractEndpoint.java:773) ~[tomcat-embed-core-8.0.33.jar:8.0.33]
	at org.apache.coyote.AbstractProtocol.start(AbstractProtocol.java:473) ~[tomcat-embed-core-8.0.33.jar:8.0.33]
	at org.apache.catalina.connector.Connector.startInternal(Connector.java:986) [tomcat-embed-core-8.0.33.jar:8.0.33]
	at org.apache.catalina.util.LifecycleBase.start(LifecycleBase.java:147) [tomcat-embed-core-8.0.33.jar:8.0.33]
	at org.apache.catalina.core.StandardService.addConnector(StandardService.java:239) [tomcat-embed-core-8.0.33.jar:8.0.33]
	at org.springframework.boot.context.embedded.tomcat.TomcatEmbeddedServletContainer.addPreviouslyRemovedConnectors(TomcatEmbeddedServletContainer.java:194) [spring-boot-1.3.5.RELEASE.jar:1.3.5.RELEASE]
	at org.springframework.boot.context.embedded.tomcat.TomcatEmbeddedServletContainer.start(TomcatEmbeddedServletContainer.java:151) [spring-boot-1.3.5.RELEASE.jar:1.3.5.RELEASE]
	at org.springframework.boot.context.embedded.EmbeddedWebApplicationContext.startEmbeddedServletContainer(EmbeddedWebApplicationContext.java:293) [spring-boot-1.3.5.RELEASE.jar:1.3.5.RELEASE]
	at org.springframework.boot.context.embedded.EmbeddedWebApplicationContext.finishRefresh(EmbeddedWebApplicationContext.java:141) [spring-boot-1.3.5.RELEASE.jar:1.3.5.RELEASE]
	at org.springframework.context.support.AbstractApplicationContext.refresh(AbstractApplicationContext.java:541) [spring-context-4.2.6.RELEASE.jar:4.2.6.RELEASE]
	at org.springframework.boot.context.embedded.EmbeddedWebApplicationContext.refresh(EmbeddedWebApplicationContext.java:118) [spring-boot-1.3.5.RELEASE.jar:1.3.5.RELEASE]
	at org.springframework.boot.SpringApplication.refresh(SpringApplication.java:766) [spring-boot-1.3.5.RELEASE.jar:1.3.5.RELEASE]
	at org.springframework.boot.SpringApplication.createAndRefreshContext(SpringApplication.java:361) [spring-boot-1.3.5.RELEASE.jar:1.3.5.RELEASE]
	at org.springframework.boot.SpringApplication.run(SpringApplication.java:307) [spring-boot-1.3.5.RELEASE.jar:1.3.5.RELEASE]
	at org.springframework.boot.SpringApplication.run(SpringApplication.java:1191) [spring-boot-1.3.5.RELEASE.jar:1.3.5.RELEASE]
	at org.springframework.boot.SpringApplication.run(SpringApplication.java:1180) [spring-boot-1.3.5.RELEASE.jar:1.3.5.RELEASE]
	at com.pycredit.microservice.calculate.RibbonApplication.main(RibbonApplication.java:19) [classes/:na]

2017-09-15 11:51:52.373 ERROR [ribbon-consumer,,,] 10948 --- [main] o.apache.catalina.core.StandardService   : Failed to start connector [Connector[HTTP/1.1-3333]]

org.apache.catalina.LifecycleException: Failed to start component [Connector[HTTP/1.1-3333]]
	at org.apache.catalina.util.LifecycleBase.start(LifecycleBase.java:153) ~[tomcat-embed-core-8.0.33.jar:8.0.33]
	at org.apache.catalina.core.StandardService.addConnector(StandardService.java:239) ~[tomcat-embed-core-8.0.33.jar:8.0.33]
	at org.springframework.boot.context.embedded.tomcat.TomcatEmbeddedServletContainer.addPreviouslyRemovedConnectors(TomcatEmbeddedServletContainer.java:194) [spring-boot-1.3.5.RELEASE.jar:1.3.5.RELEASE]
	at org.springframework.boot.context.embedded.tomcat.TomcatEmbeddedServletContainer.start(TomcatEmbeddedServletContainer.java:151) [spring-boot-1.3.5.RELEASE.jar:1.3.5.RELEASE]
	at org.springframework.boot.context.embedded.EmbeddedWebApplicationContext.startEmbeddedServletContainer(EmbeddedWebApplicationContext.java:293) [spring-boot-1.3.5.RELEASE.jar:1.3.5.RELEASE]
	at org.springframework.boot.context.embedded.EmbeddedWebApplicationContext.finishRefresh(EmbeddedWebApplicationContext.java:141) [spring-boot-1.3.5.RELEASE.jar:1.3.5.RELEASE]
	at org.springframework.context.support.AbstractApplicationContext.refresh(AbstractApplicationContext.java:541) [spring-context-4.2.6.RELEASE.jar:4.2.6.RELEASE]
	at org.springframework.boot.context.embedded.EmbeddedWebApplicationContext.refresh(EmbeddedWebApplicationContext.java:118) [spring-boot-1.3.5.RELEASE.jar:1.3.5.RELEASE]
	at org.springframework.boot.SpringApplication.refresh(SpringApplication.java:766) [spring-boot-1.3.5.RELEASE.jar:1.3.5.RELEASE]
	at org.springframework.boot.SpringApplication.createAndRefreshContext(SpringApplication.java:361) [spring-boot-1.3.5.RELEASE.jar:1.3.5.RELEASE]
	at org.springframework.boot.SpringApplication.run(SpringApplication.java:307) [spring-boot-1.3.5.RELEASE.jar:1.3.5.RELEASE]
	at org.springframework.boot.SpringApplication.run(SpringApplication.java:1191) [spring-boot-1.3.5.RELEASE.jar:1.3.5.RELEASE]
	at org.springframework.boot.SpringApplication.run(SpringApplication.java:1180) [spring-boot-1.3.5.RELEASE.jar:1.3.5.RELEASE]
	at com.pycredit.microservice.calculate.RibbonApplication.main(RibbonApplication.java:19) [classes/:na]
Caused by: org.apache.catalina.LifecycleException: service.getName(): "Tomcat";  Protocol handler start failed
	at org.apache.catalina.connector.Connector.startInternal(Connector.java:993) ~[tomcat-embed-core-8.0.33.jar:8.0.33]
	at org.apache.catalina.util.LifecycleBase.start(LifecycleBase.java:147) ~[tomcat-embed-core-8.0.33.jar:8.0.33]
	... 13 common frames omitted
Caused by: java.net.BindException: Address already in use: bind
	at sun.nio.ch.Net.bind0(Native Method) ~[na:1.8.0_144]
	at sun.nio.ch.Net.bind(Unknown Source) ~[na:1.8.0_144]
	at sun.nio.ch.Net.bind(Unknown Source) ~[na:1.8.0_144]
	at sun.nio.ch.ServerSocketChannelImpl.bind(Unknown Source) ~[na:1.8.0_144]
	at sun.nio.ch.ServerSocketAdaptor.bind(Unknown Source) ~[na:1.8.0_144]
	at org.apache.tomcat.util.net.NioEndpoint.bind(NioEndpoint.java:340) ~[tomcat-embed-core-8.0.33.jar:8.0.33]
	at org.apache.tomcat.util.net.AbstractEndpoint.start(AbstractEndpoint.java:773) ~[tomcat-embed-core-8.0.33.jar:8.0.33]
	at org.apache.coyote.AbstractProtocol.start(AbstractProtocol.java:473) ~[tomcat-embed-core-8.0.33.jar:8.0.33]
	at org.apache.catalina.connector.Connector.startInternal(Connector.java:986) ~[tomcat-embed-core-8.0.33.jar:8.0.33]
	... 14 common frames omitted

2017-09-15 11:51:52.395  WARN [ribbon-consumer,,,] 10948 --- [localhost-startStop-1] o.a.c.loader.WebappClassLoaderBase       : The web application [ROOT] appears to have started a thread named [pool-1-thread-1] but has failed to stop it. This is very likely to create a memory leak. Stack trace of thread:
 sun.misc.Unsafe.park(Native Method)
 java.util.concurrent.locks.LockSupport.parkNanos(Unknown Source)
 java.util.concurrent.locks.AbstractQueuedSynchronizer$ConditionObject.awaitNanos(Unknown Source)
 java.util.concurrent.ScheduledThreadPoolExecutor$DelayedWorkQueue.take(Unknown Source)
 java.util.concurrent.ScheduledThreadPoolExecutor$DelayedWorkQueue.take(Unknown Source)
 java.util.concurrent.ThreadPoolExecutor.getTask(Unknown Source)
 java.util.concurrent.ThreadPoolExecutor.runWorker(Unknown Source)
 java.util.concurrent.ThreadPoolExecutor$Worker.run(Unknown Source)
 java.lang.Thread.run(Unknown Source)
2017-09-15 11:51:52.415 ERROR [ribbon-consumer,,,] 10948 --- [main] o.s.boot.SpringApplication               : Application startup failed

org.springframework.boot.context.embedded.EmbeddedServletContainerException: Unable to start embedded Tomcat servlet container
	at org.springframework.boot.context.embedded.tomcat.TomcatEmbeddedServletContainer.start(TomcatEmbeddedServletContainer.java:165) ~[spring-boot-1.3.5.RELEASE.jar:1.3.5.RELEASE]
	at org.springframework.boot.context.embedded.EmbeddedWebApplicationContext.startEmbeddedServletContainer(EmbeddedWebApplicationContext.java:293) ~[spring-boot-1.3.5.RELEASE.jar:1.3.5.RELEASE]
	at org.springframework.boot.context.embedded.EmbeddedWebApplicationContext.finishRefresh(EmbeddedWebApplicationContext.java:141) ~[spring-boot-1.3.5.RELEASE.jar:1.3.5.RELEASE]
	at org.springframework.context.support.AbstractApplicationContext.refresh(AbstractApplicationContext.java:541) ~[spring-context-4.2.6.RELEASE.jar:4.2.6.RELEASE]
	at org.springframework.boot.context.embedded.EmbeddedWebApplicationContext.refresh(EmbeddedWebApplicationContext.java:118) ~[spring-boot-1.3.5.RELEASE.jar:1.3.5.RELEASE]
	at org.springframework.boot.SpringApplication.refresh(SpringApplication.java:766) [spring-boot-1.3.5.RELEASE.jar:1.3.5.RELEASE]
	at org.springframework.boot.SpringApplication.createAndRefreshContext(SpringApplication.java:361) [spring-boot-1.3.5.RELEASE.jar:1.3.5.RELEASE]
	at org.springframework.boot.SpringApplication.run(SpringApplication.java:307) [spring-boot-1.3.5.RELEASE.jar:1.3.5.RELEASE]
	at org.springframework.boot.SpringApplication.run(SpringApplication.java:1191) [spring-boot-1.3.5.RELEASE.jar:1.3.5.RELEASE]
	at org.springframework.boot.SpringApplication.run(SpringApplication.java:1180) [spring-boot-1.3.5.RELEASE.jar:1.3.5.RELEASE]
	at com.pycredit.microservice.calculate.RibbonApplication.main(RibbonApplication.java:19) [classes/:na]
Caused by: java.lang.IllegalStateException: Tomcat connector in failed state
	at org.springframework.boot.context.embedded.tomcat.TomcatEmbeddedServletContainer.start(TomcatEmbeddedServletContainer.java:159) ~[spring-boot-1.3.5.RELEASE.jar:1.3.5.RELEASE]
	... 10 common frames omitted

2017-09-15 11:53:29.461  WARN [ribbon-consumer,,,] 3008 --- [main] o.s.c.a.ConfigurationClassPostProcessor  : Cannot enhance @Configuration bean definition 'refreshScope' since its singleton instance has been created too early. The typical cause is a non-static @Bean method with a BeanDefinitionRegistryPostProcessor return type: Consider declaring such methods as 'static'.
2017-09-15 11:53:37.568  WARN [ribbon-consumer,,,] 3008 --- [main] c.n.c.sources.URLConfigurationSource     : No URLs will be polled as dynamic configuration sources.
2017-09-15 11:53:37.591  WARN [ribbon-consumer,,,] 3008 --- [main] c.n.c.sources.URLConfigurationSource     : No URLs will be polled as dynamic configuration sources.
2017-09-15 15:58:05.814  WARN [ribbon-consumer,,,] 3148 --- [main] o.s.c.a.ConfigurationClassPostProcessor  : Cannot enhance @Configuration bean definition 'refreshScope' since its singleton instance has been created too early. The typical cause is a non-static @Bean method with a BeanDefinitionRegistryPostProcessor return type: Consider declaring such methods as 'static'.
2017-09-15 15:58:12.750  WARN [ribbon-consumer,,,] 3148 --- [main] c.n.c.sources.URLConfigurationSource     : No URLs will be polled as dynamic configuration sources.
2017-09-15 15:58:12.779  WARN [ribbon-consumer,,,] 3148 --- [main] c.n.c.sources.URLConfigurationSource     : No URLs will be polled as dynamic configuration sources.
2017-09-15 16:19:51.129  WARN [ribbon-consumer,,,] 4216 --- [main] o.s.c.a.ConfigurationClassPostProcessor  : Cannot enhance @Configuration bean definition 'refreshScope' since its singleton instance has been created too early. The typical cause is a non-static @Bean method with a BeanDefinitionRegistryPostProcessor return type: Consider declaring such methods as 'static'.
2017-09-15 16:19:57.793  WARN [ribbon-consumer,,,] 4216 --- [main] c.n.c.sources.URLConfigurationSource     : No URLs will be polled as dynamic configuration sources.
2017-09-15 16:19:57.817  WARN [ribbon-consumer,,,] 4216 --- [main] c.n.c.sources.URLConfigurationSource     : No URLs will be polled as dynamic configuration sources.
2017-09-15 16:33:55.744  WARN [ribbon-consumer,,,] 3024 --- [main] o.s.c.a.ConfigurationClassPostProcessor  : Cannot enhance @Configuration bean definition 'refreshScope' since its singleton instance has been created too early. The typical cause is a non-static @Bean method with a BeanDefinitionRegistryPostProcessor return type: Consider declaring such methods as 'static'.
2017-09-15 16:34:02.539  WARN [ribbon-consumer,,,] 3024 --- [main] c.n.c.sources.URLConfigurationSource     : No URLs will be polled as dynamic configuration sources.
2017-09-15 16:34:02.554  WARN [ribbon-consumer,,,] 3024 --- [main] c.n.c.sources.URLConfigurationSource     : No URLs will be polled as dynamic configuration sources.
2017-09-15 16:49:17.247  WARN [ribbon-consumer,,,] 5668 --- [main] o.s.c.a.ConfigurationClassPostProcessor  : Cannot enhance @Configuration bean definition 'refreshScope' since its singleton instance has been created too early. The typical cause is a non-static @Bean method with a BeanDefinitionRegistryPostProcessor return type: Consider declaring such methods as 'static'.
2017-09-15 16:49:23.537  WARN [ribbon-consumer,,,] 5668 --- [main] c.n.c.sources.URLConfigurationSource     : No URLs will be polled as dynamic configuration sources.
2017-09-15 16:49:23.551  WARN [ribbon-consumer,,,] 5668 --- [main] c.n.c.sources.URLConfigurationSource     : No URLs will be polled as dynamic configuration sources.
2017-09-15 16:49:34.950 ERROR [ribbon-consumer,,,] 5668 --- [http-nio-3333-exec-1] o.a.c.c.C.[.[.[/].[dispatcherServlet]    : Servlet.service() for servlet [dispatcherServlet] in context with path [] threw exception [Request processing failed; nested exception is java.lang.IllegalStateException: No instances available for COMPUTE-SERVICE] with root cause

java.lang.IllegalStateException: No instances available for COMPUTE-SERVICE
	at org.springframework.cloud.netflix.ribbon.RibbonLoadBalancerClient.execute(RibbonLoadBalancerClient.java:79) ~[spring-cloud-netflix-core-1.1.0.RELEASE.jar:1.1.0.RELEASE]
	at org.springframework.cloud.client.loadbalancer.LoadBalancerInterceptor.intercept(LoadBalancerInterceptor.java:46) ~[spring-cloud-commons-1.1.0.RELEASE.jar:1.1.0.RELEASE]
	at org.springframework.http.client.InterceptingClientHttpRequest$InterceptingRequestExecution.execute(InterceptingClientHttpRequest.java:85) ~[spring-web-4.2.6.RELEASE.jar:4.2.6.RELEASE]
	at org.springframework.cloud.sleuth.instrument.web.client.TraceRestTemplateInterceptor.response(TraceRestTemplateInterceptor.java:55) ~[spring-cloud-sleuth-core-1.0.0.RELEASE.jar:1.0.0.RELEASE]
	at org.springframework.cloud.sleuth.instrument.web.client.TraceRestTemplateInterceptor.intercept(TraceRestTemplateInterceptor.java:49) ~[spring-cloud-sleuth-core-1.0.0.RELEASE.jar:1.0.0.RELEASE]
	at org.springframework.http.client.InterceptingClientHttpRequest$InterceptingRequestExecution.execute(InterceptingClientHttpRequest.java:85) ~[spring-web-4.2.6.RELEASE.jar:4.2.6.RELEASE]
	at org.springframework.cloud.netflix.metrics.MetricsClientHttpRequestInterceptor.intercept(MetricsClientHttpRequestInterceptor.java:65) ~[spring-cloud-netflix-core-1.1.0.RELEASE.jar:1.1.0.RELEASE]
	at org.springframework.http.client.InterceptingClientHttpRequest$InterceptingRequestExecution.execute(InterceptingClientHttpRequest.java:85) ~[spring-web-4.2.6.RELEASE.jar:4.2.6.RELEASE]
	at org.springframework.http.client.InterceptingClientHttpRequest.executeInternal(InterceptingClientHttpRequest.java:69) ~[spring-web-4.2.6.RELEASE.jar:4.2.6.RELEASE]
	at org.springframework.http.client.AbstractBufferingClientHttpRequest.executeInternal(AbstractBufferingClientHttpRequest.java:48) ~[spring-web-4.2.6.RELEASE.jar:4.2.6.RELEASE]
	at org.springframework.http.client.AbstractClientHttpRequest.execute(AbstractClientHttpRequest.java:53) ~[spring-web-4.2.6.RELEASE.jar:4.2.6.RELEASE]
	at org.springframework.web.client.RestTemplate.doExecute(RestTemplate.java:596) ~[spring-web-4.2.6.RELEASE.jar:4.2.6.RELEASE]
	at org.springframework.web.client.RestTemplate.execute(RestTemplate.java:557) ~[spring-web-4.2.6.RELEASE.jar:4.2.6.RELEASE]
	at org.springframework.web.client.RestTemplate.getForEntity(RestTemplate.java:289) ~[spring-web-4.2.6.RELEASE.jar:4.2.6.RELEASE]
	at org.springframework.web.client.RestTemplate$$FastClassBySpringCGLIB$$aa4e9ed0.invoke(<generated>) ~[spring-web-4.2.6.RELEASE.jar:4.2.6.RELEASE]
	at org.springframework.cglib.proxy.MethodProxy.invoke(MethodProxy.java:204) ~[spring-core-4.2.6.RELEASE.jar:4.2.6.RELEASE]
	at org.springframework.aop.framework.CglibAopProxy$CglibMethodInvocation.invokeJoinpoint(CglibAopProxy.java:720) ~[spring-aop-4.2.6.RELEASE.jar:4.2.6.RELEASE]
	at org.springframework.aop.framework.ReflectiveMethodInvocation.proceed(ReflectiveMethodInvocation.java:157) ~[spring-aop-4.2.6.RELEASE.jar:4.2.6.RELEASE]
	at org.springframework.aop.aspectj.MethodInvocationProceedingJoinPoint.proceed(MethodInvocationProceedingJoinPoint.java:85) ~[spring-aop-4.2.6.RELEASE.jar:4.2.6.RELEASE]
	at org.springframework.cloud.netflix.metrics.RestTemplateUrlTemplateCapturingAspect.captureUrlTemplate(RestTemplateUrlTemplateCapturingAspect.java:33) ~[spring-cloud-netflix-core-1.1.0.RELEASE.jar:1.1.0.RELEASE]
	at sun.reflect.NativeMethodAccessorImpl.invoke0(Native Method) ~[na:1.8.0_144]
	at sun.reflect.NativeMethodAccessorImpl.invoke(Unknown Source) ~[na:1.8.0_144]
	at sun.reflect.DelegatingMethodAccessorImpl.invoke(Unknown Source) ~[na:1.8.0_144]
	at java.lang.reflect.Method.invoke(Unknown Source) ~[na:1.8.0_144]
	at org.springframework.aop.aspectj.AbstractAspectJAdvice.invokeAdviceMethodWithGivenArgs(AbstractAspectJAdvice.java:620) ~[spring-aop-4.2.6.RELEASE.jar:4.2.6.RELEASE]
	at org.springframework.aop.aspectj.AbstractAspectJAdvice.invokeAdviceMethod(AbstractAspectJAdvice.java:609) ~[spring-aop-4.2.6.RELEASE.jar:4.2.6.RELEASE]
	at org.springframework.aop.aspectj.AspectJAroundAdvice.invoke(AspectJAroundAdvice.java:68) ~[spring-aop-4.2.6.RELEASE.jar:4.2.6.RELEASE]
	at org.springframework.aop.framework.ReflectiveMethodInvocation.proceed(ReflectiveMethodInvocation.java:179) ~[spring-aop-4.2.6.RELEASE.jar:4.2.6.RELEASE]
	at org.springframework.aop.interceptor.ExposeInvocationInterceptor.invoke(ExposeInvocationInterceptor.java:92) ~[spring-aop-4.2.6.RELEASE.jar:4.2.6.RELEASE]
	at org.springframework.aop.framework.ReflectiveMethodInvocation.proceed(ReflectiveMethodInvocation.java:179) ~[spring-aop-4.2.6.RELEASE.jar:4.2.6.RELEASE]
	at org.springframework.aop.framework.CglibAopProxy$DynamicAdvisedInterceptor.intercept(CglibAopProxy.java:655) ~[spring-aop-4.2.6.RELEASE.jar:4.2.6.RELEASE]
	at org.springframework.web.client.RestTemplate$$EnhancerBySpringCGLIB$$88bc6576.getForEntity(<generated>) ~[spring-web-4.2.6.RELEASE.jar:4.2.6.RELEASE]
	at com.pycredit.microservice.calculate.controller.ConsumerController.add(ConsumerController.java:15) ~[classes/:na]
	at sun.reflect.NativeMethodAccessorImpl.invoke0(Native Method) ~[na:1.8.0_144]
	at sun.reflect.NativeMethodAccessorImpl.invoke(Unknown Source) ~[na:1.8.0_144]
	at sun.reflect.DelegatingMethodAccessorImpl.invoke(Unknown Source) ~[na:1.8.0_144]
	at java.lang.reflect.Method.invoke(Unknown Source) ~[na:1.8.0_144]
	at org.springframework.web.method.support.InvocableHandlerMethod.doInvoke(InvocableHandlerMethod.java:221) ~[spring-web-4.2.6.RELEASE.jar:4.2.6.RELEASE]
	at org.springframework.web.method.support.InvocableHandlerMethod.invokeForRequest(InvocableHandlerMethod.java:136) ~[spring-web-4.2.6.RELEASE.jar:4.2.6.RELEASE]
	at org.springframework.web.servlet.mvc.method.annotation.ServletInvocableHandlerMethod.invokeAndHandle(ServletInvocableHandlerMethod.java:110) ~[spring-webmvc-4.2.6.RELEASE.jar:4.2.6.RELEASE]
	at org.springframework.web.servlet.mvc.method.annotation.RequestMappingHandlerAdapter.invokeHandlerMethod(RequestMappingHandlerAdapter.java:832) ~[spring-webmvc-4.2.6.RELEASE.jar:4.2.6.RELEASE]
	at org.springframework.web.servlet.mvc.method.annotation.RequestMappingHandlerAdapter.handleInternal(RequestMappingHandlerAdapter.java:743) ~[spring-webmvc-4.2.6.RELEASE.jar:4.2.6.RELEASE]
	at org.springframework.web.servlet.mvc.method.AbstractHandlerMethodAdapter.handle(AbstractHandlerMethodAdapter.java:85) ~[spring-webmvc-4.2.6.RELEASE.jar:4.2.6.RELEASE]
	at org.springframework.web.servlet.DispatcherServlet.doDispatch(DispatcherServlet.java:961) ~[spring-webmvc-4.2.6.RELEASE.jar:4.2.6.RELEASE]
	at org.springframework.web.servlet.DispatcherServlet.doService(DispatcherServlet.java:895) ~[spring-webmvc-4.2.6.RELEASE.jar:4.2.6.RELEASE]
	at org.springframework.web.servlet.FrameworkServlet.processRequest(FrameworkServlet.java:967) ~[spring-webmvc-4.2.6.RELEASE.jar:4.2.6.RELEASE]
	at org.springframework.web.servlet.FrameworkServlet.doGet(FrameworkServlet.java:858) ~[spring-webmvc-4.2.6.RELEASE.jar:4.2.6.RELEASE]
	at javax.servlet.http.HttpServlet.service(HttpServlet.java:622) ~[tomcat-embed-core-8.0.33.jar:8.0.33]
	at org.springframework.web.servlet.FrameworkServlet.service(FrameworkServlet.java:843) ~[spring-webmvc-4.2.6.RELEASE.jar:4.2.6.RELEASE]
	at javax.servlet.http.HttpServlet.service(HttpServlet.java:729) ~[tomcat-embed-core-8.0.33.jar:8.0.33]
	at org.apache.catalina.core.ApplicationFilterChain.internalDoFilter(ApplicationFilterChain.java:292) ~[tomcat-embed-core-8.0.33.jar:8.0.33]
	at org.apache.catalina.core.ApplicationFilterChain.doFilter(ApplicationFilterChain.java:207) ~[tomcat-embed-core-8.0.33.jar:8.0.33]
	at org.apache.tomcat.websocket.server.WsFilter.doFilter(WsFilter.java:52) ~[tomcat-embed-websocket-8.0.33.jar:8.0.33]
	at org.apache.catalina.core.ApplicationFilterChain.internalDoFilter(ApplicationFilterChain.java:240) ~[tomcat-embed-core-8.0.33.jar:8.0.33]
	at org.apache.catalina.core.ApplicationFilterChain.doFilter(ApplicationFilterChain.java:207) ~[tomcat-embed-core-8.0.33.jar:8.0.33]
	at org.springframework.boot.actuate.autoconfigure.EndpointWebMvcAutoConfiguration$ApplicationContextHeaderFilter.doFilterInternal(EndpointWebMvcAutoConfiguration.java:261) ~[spring-boot-actuator-1.3.5.RELEASE.jar:1.3.5.RELEASE]
	at org.springframework.web.filter.OncePerRequestFilter.doFilter(OncePerRequestFilter.java:107) ~[spring-web-4.2.6.RELEASE.jar:4.2.6.RELEASE]
	at org.apache.catalina.core.ApplicationFilterChain.internalDoFilter(ApplicationFilterChain.java:240) ~[tomcat-embed-core-8.0.33.jar:8.0.33]
	at org.apache.catalina.core.ApplicationFilterChain.doFilter(ApplicationFilterChain.java:207) ~[tomcat-embed-core-8.0.33.jar:8.0.33]
	at org.springframework.boot.actuate.trace.WebRequestTraceFilter.doFilterInternal(WebRequestTraceFilter.java:115) ~[spring-boot-actuator-1.3.5.RELEASE.jar:1.3.5.RELEASE]
	at org.springframework.web.filter.OncePerRequestFilter.doFilter(OncePerRequestFilter.java:107) ~[spring-web-4.2.6.RELEASE.jar:4.2.6.RELEASE]
	at org.apache.catalina.core.ApplicationFilterChain.internalDoFilter(ApplicationFilterChain.java:240) ~[tomcat-embed-core-8.0.33.jar:8.0.33]
	at org.apache.catalina.core.ApplicationFilterChain.doFilter(ApplicationFilterChain.java:207) ~[tomcat-embed-core-8.0.33.jar:8.0.33]
	at org.springframework.web.filter.RequestContextFilter.doFilterInternal(RequestContextFilter.java:99) ~[spring-web-4.2.6.RELEASE.jar:4.2.6.RELEASE]
	at org.springframework.web.filter.OncePerRequestFilter.doFilter(OncePerRequestFilter.java:107) ~[spring-web-4.2.6.RELEASE.jar:4.2.6.RELEASE]
	at org.apache.catalina.core.ApplicationFilterChain.internalDoFilter(ApplicationFilterChain.java:240) ~[tomcat-embed-core-8.0.33.jar:8.0.33]
	at org.apache.catalina.core.ApplicationFilterChain.doFilter(ApplicationFilterChain.java:207) ~[tomcat-embed-core-8.0.33.jar:8.0.33]
	at org.springframework.web.filter.HttpPutFormContentFilter.doFilterInternal(HttpPutFormContentFilter.java:87) ~[spring-web-4.2.6.RELEASE.jar:4.2.6.RELEASE]
	at org.springframework.web.filter.OncePerRequestFilter.doFilter(OncePerRequestFilter.java:107) ~[spring-web-4.2.6.RELEASE.jar:4.2.6.RELEASE]
	at org.apache.catalina.core.ApplicationFilterChain.internalDoFilter(ApplicationFilterChain.java:240) ~[tomcat-embed-core-8.0.33.jar:8.0.33]
	at org.apache.catalina.core.ApplicationFilterChain.doFilter(ApplicationFilterChain.java:207) ~[tomcat-embed-core-8.0.33.jar:8.0.33]
	at org.springframework.web.filter.HiddenHttpMethodFilter.doFilterInternal(HiddenHttpMethodFilter.java:77) ~[spring-web-4.2.6.RELEASE.jar:4.2.6.RELEASE]
	at org.springframework.web.filter.OncePerRequestFilter.doFilter(OncePerRequestFilter.java:107) ~[spring-web-4.2.6.RELEASE.jar:4.2.6.RELEASE]
	at org.apache.catalina.core.ApplicationFilterChain.internalDoFilter(ApplicationFilterChain.java:240) ~[tomcat-embed-core-8.0.33.jar:8.0.33]
	at org.apache.catalina.core.ApplicationFilterChain.doFilter(ApplicationFilterChain.java:207) ~[tomcat-embed-core-8.0.33.jar:8.0.33]
	at org.springframework.cloud.sleuth.instrument.web.TraceFilter.doFilterInternal(TraceFilter.java:122) ~[spring-cloud-sleuth-core-1.0.0.RELEASE.jar:1.0.0.RELEASE]
	at org.springframework.web.filter.OncePerRequestFilter.doFilter(OncePerRequestFilter.java:107) ~[spring-web-4.2.6.RELEASE.jar:4.2.6.RELEASE]
	at org.apache.catalina.core.ApplicationFilterChain.internalDoFilter(ApplicationFilterChain.java:240) ~[tomcat-embed-core-8.0.33.jar:8.0.33]
	at org.apache.catalina.core.ApplicationFilterChain.doFilter(ApplicationFilterChain.java:207) ~[tomcat-embed-core-8.0.33.jar:8.0.33]
	at org.springframework.web.filter.CharacterEncodingFilter.doFilterInternal(CharacterEncodingFilter.java:121) ~[spring-web-4.2.6.RELEASE.jar:4.2.6.RELEASE]
	at org.springframework.web.filter.OncePerRequestFilter.doFilter(OncePerRequestFilter.java:107) ~[spring-web-4.2.6.RELEASE.jar:4.2.6.RELEASE]
	at org.apache.catalina.core.ApplicationFilterChain.internalDoFilter(ApplicationFilterChain.java:240) ~[tomcat-embed-core-8.0.33.jar:8.0.33]
	at org.apache.catalina.core.ApplicationFilterChain.doFilter(ApplicationFilterChain.java:207) ~[tomcat-embed-core-8.0.33.jar:8.0.33]
	at org.springframework.boot.actuate.autoconfigure.MetricsFilter.doFilterInternal(MetricsFilter.java:103) ~[spring-boot-actuator-1.3.5.RELEASE.jar:1.3.5.RELEASE]
	at org.springframework.web.filter.OncePerRequestFilter.doFilter(OncePerRequestFilter.java:107) ~[spring-web-4.2.6.RELEASE.jar:4.2.6.RELEASE]
	at org.apache.catalina.core.ApplicationFilterChain.internalDoFilter(ApplicationFilterChain.java:240) ~[tomcat-embed-core-8.0.33.jar:8.0.33]
	at org.apache.catalina.core.ApplicationFilterChain.doFilter(ApplicationFilterChain.java:207) ~[tomcat-embed-core-8.0.33.jar:8.0.33]
	at org.apache.catalina.core.StandardWrapperValve.invoke(StandardWrapperValve.java:212) ~[tomcat-embed-core-8.0.33.jar:8.0.33]
	at org.apache.catalina.core.StandardContextValve.invoke(StandardContextValve.java:106) [tomcat-embed-core-8.0.33.jar:8.0.33]
	at org.apache.catalina.authenticator.AuthenticatorBase.invoke(AuthenticatorBase.java:502) [tomcat-embed-core-8.0.33.jar:8.0.33]
	at org.apache.catalina.core.StandardHostValve.invoke(StandardHostValve.java:141) [tomcat-embed-core-8.0.33.jar:8.0.33]
	at org.apache.catalina.valves.ErrorReportValve.invoke(ErrorReportValve.java:79) [tomcat-embed-core-8.0.33.jar:8.0.33]
	at org.apache.catalina.core.StandardEngineValve.invoke(StandardEngineValve.java:88) [tomcat-embed-core-8.0.33.jar:8.0.33]
	at org.apache.catalina.connector.CoyoteAdapter.service(CoyoteAdapter.java:522) [tomcat-embed-core-8.0.33.jar:8.0.33]
	at org.apache.coyote.http11.AbstractHttp11Processor.process(AbstractHttp11Processor.java:1095) [tomcat-embed-core-8.0.33.jar:8.0.33]
	at org.apache.coyote.AbstractProtocol$AbstractConnectionHandler.process(AbstractProtocol.java:672) [tomcat-embed-core-8.0.33.jar:8.0.33]
	at org.apache.tomcat.util.net.NioEndpoint$SocketProcessor.doRun(NioEndpoint.java:1502) [tomcat-embed-core-8.0.33.jar:8.0.33]
	at org.apache.tomcat.util.net.NioEndpoint$SocketProcessor.run(NioEndpoint.java:1458) [tomcat-embed-core-8.0.33.jar:8.0.33]
	at java.util.concurrent.ThreadPoolExecutor.runWorker(Unknown Source) [na:1.8.0_144]
	at java.util.concurrent.ThreadPoolExecutor$Worker.run(Unknown Source) [na:1.8.0_144]
	at org.apache.tomcat.util.threads.TaskThread$WrappingRunnable.run(TaskThread.java:61) [tomcat-embed-core-8.0.33.jar:8.0.33]
	at java.lang.Thread.run(Unknown Source) [na:1.8.0_144]

2017-09-15 17:37:39.230  WARN [ribbon-consumer,,,] 5476 --- [main] o.s.c.a.ConfigurationClassPostProcessor  : Cannot enhance @Configuration bean definition 'refreshScope' since its singleton instance has been created too early. The typical cause is a non-static @Bean method with a BeanDefinitionRegistryPostProcessor return type: Consider declaring such methods as 'static'.
2017-09-15 17:37:50.452  WARN [ribbon-consumer,,,] 5476 --- [main] c.n.c.sources.URLConfigurationSource     : No URLs will be polled as dynamic configuration sources.
2017-09-15 17:37:50.472  WARN [ribbon-consumer,,,] 5476 --- [main] c.n.c.sources.URLConfigurationSource     : No URLs will be polled as dynamic configuration sources.
